<?xml version="1.0" encoding="UTF-8"?>
<!-- Generated by org.testng.reporters.JUnitReportReporter -->
<testsuite skipped="0" hostname="DESKTOP-F1UMDA6" name="testcases.Tc_001" tests="1" failures="0" timestamp="29 Nov 2022 11:15:38 GMT" time="6.151" errors="0">
  <testcase name="testcase1" time="6.151" classname="testcases.Tc_001"/>
</testsuite> <!-- testcases.Tc_001 -->
